Diagnose log at 2025-03-11T08:31:47Z

AppPath: C:\Program Files\Git\mingw64\bin\git-credential-manager.exe
InstallDir: C:\Program Files\Git\mingw64\bin\
Version: 2.6.1+786ab03440ddc82e807a97c0e540f5247e44cec6

------------
Diagnostic: Environment
Skipped: False
Success: True
Exception: None
Log:
OSType: Windows
OSVersion: 10.0 (build 17134)
Reading environment variables... OK
 Variables:
HOMEPATH=\Users\Vera-Brendah
DriverData=C:\Windows\System32\Drivers\DriverData
COMPUTERNAME=DESKTOP-P817F6I
GIT_TRACE2_PARENT_SID=dfc917ea-16fa-4a9c-90c5-4d8e96443457
CommonProgramFiles(x86)=C:\Program Files (x86)\Common Files
OneDrive=C:\Users\Vera-Brendah\OneDrive
TMP=C:\Users\VERA-B~1\AppData\Local\Temp
HOME=C:\Users\Vera-Brendah
PROCESSOR_REVISION=4e03
PATHEXT=.COM;.EXE;.BAT;.CMD;.VBS;.VBE;.JS;.JSE;.WSF;.WSH;.MSC;.CPL
GIT_ASKPASS=c:\Users\Vera-Brendah\AppData\Local\Programs\Microsoft VS Code\resources\app\extensions\git\dist\askpass.sh
GIT_EXEC_PATH=C:/Program Files/Git/mingw64/libexec/git-core
TEMP=C:\Users\VERA-B~1\AppData\Local\Temp
LOCALAPPDATA=C:\Users\Vera-Brendah\AppData\Local
MSYSTEM=MINGW64
TERM=xterm-256color
COLORTERM=truecolor
USERDOMAIN=DESKTOP-P817F6I
ProgramFiles(x86)=C:\Program Files (x86)
Path=C:/Program Files/Git/mingw64/libexec/git-core;C:\Program Files\Git\mingw64\bin;C:\Program Files\Git\usr\bin;C:\Users\Vera-Brendah\bin;C:\Program Files (x86)\Common Files\Oracle\Java\javapath;C:\Windows\system32;C:\Windows;C:\Windows\System32\Wbem;C:\Windows\System32\WindowsPowerShell\v1.0\;C:\Windows\System32\OpenSSH\;C:\Program Files\Git\cmd;C:\Users\Vera-Brendah\AppData\Local\Microsoft\WindowsApps;;C:\Users\Vera-Brendah\AppData\Local\Programs\Microsoft VS Code\bin
TERM_PROGRAM=vscode
PROCESSOR_LEVEL=6
PROCESSOR_IDENTIFIER=Intel64 Family 6 Model 78 Stepping 3, GenuineIntel
TMPDIR=C:\Users\VERA-B~1\AppData\Local\Temp
VSCODE_GIT_ASKPASS_EXTRA_ARGS=
TERM_PROGRAM_VERSION=1.98.0
VSCODE_GIT_ASKPASS_MAIN=c:\Users\Vera-Brendah\AppData\Local\Programs\Microsoft VS Code\resources\app\extensions\git\dist\askpass-main.js
PSModulePath=C:\Users\Vera-Brendah\Documents\WindowsPowerShell\Modules;C:\Program Files\WindowsPowerShell\Modules;C:\Windows\system32\WindowsPowerShell\v1.0\Modules
PUBLIC=C:\Users\Public
NUMBER_OF_PROCESSORS=2
CommonProgramFiles=C:\Program Files (x86)\Common Files
QT_DEVICE_PIXEL_RATIO=auto
VSCODE_GIT_IPC_HANDLE=\\.\pipe\vscode-git-15de2e102c-sock
CHROME_CRASHPAD_PIPE_NAME=\\.\pipe\crashpad_6920_PTOGCPGUTAKWBVQI
PLINK_PROTOCOL=ssh
ProgramData=C:\ProgramData
ProgramW6432=C:\Program Files
ProgramFiles=C:\Program Files (x86)
PT7HOME=C:\Program Files\Cisco Packet Tracer 7.3.0
VSCODE_GIT_ASKPASS_NODE=C:\Users\Vera-Brendah\AppData\Local\Programs\Microsoft VS Code\Code.exe
SystemRoot=C:\Windows
ORIGINAL_XDG_CURRENT_DESKTOP=undefined
SESSIONNAME=Console
CommonProgramW6432=C:\Program Files\Common Files
LOGONSERVER=\\DESKTOP-P817F6I
USERPROFILE=C:\Users\Vera-Brendah
USERDOMAIN_ROAMINGPROFILE=DESKTOP-P817F6I
APPDATA=C:\Users\Vera-Brendah\AppData\Roaming
HOMEDRIVE=C:
USERNAME=Vera-Brendah
PROCESSOR_ARCHITEW6432=AMD64
PROCESSOR_ARCHITECTURE=x86
OS=Windows_NT
ComSpec=C:\Windows\system32\cmd.exe
SystemDrive=C:
windir=C:\Windows
LANG=en_US.UTF-8
ALLUSERSPROFILE=C:\ProgramData


------------
Diagnostic: File system
Skipped: False
Success: True
Exception: None
Log:
Temporary directory is 'C:\Users\Vera-Brendah\AppData\Local\Temp\'...
Checking basic file I/O...
Writing to temporary file 'C:\Users\Vera-Brendah\AppData\Local\Temp\808647338f63a418cbfa4d6f'... OK
Reading from temporary file 'C:\Users\Vera-Brendah\AppData\Local\Temp\808647338f63a418cbfa4d6f'... OK
Deleting temporary file 'C:\Users\Vera-Brendah\AppData\Local\Temp\808647338f63a418cbfa4d6f'... OK
Testing IFileSystem instance...
UserHomePath: C:\Users\Vera-Brendah
UserDataDirectoryPath: C:\Users\Vera-Brendah\.gcm
GetCurrentDirectory(): C:\Users\Vera-Brendah\Desktop\Attachment

------------
Diagnostic: Networking
Skipped: False
Success: True
Exception: None
Log:
Checking networking and HTTP stack...
Creating HTTP client... OK
IsNetworkAvailable: True
Sending HEAD request to http://example.com...Sending HEAD request to https://example.com... OK
 OK
Acquiring free TCP port... OK
Testing local HTTP loopback connections...
Creating new HTTP listener for http://localhost:50138/... OK
Waiting for loopback connection... OK
Writing response... OK
Waiting for response data... OK
Loopback connection data OK

------------
Diagnostic: Git
Skipped: False
Success: True
Exception: None
Log:
Getting Git version... OK
Git version is '2.48.1.windows.1'
Locating current repository...Git repository at 'C:/Users/Vera-Brendah/Desktop/Attachment/.git'
 OK
Listing all Git configuration... OK
Git configuration:
file:C:/Program Files/Git/etc/gitconfig	diff.astextplain.textconv=astextplain
file:C:/Program Files/Git/etc/gitconfig	filter.lfs.clean=git-lfs clean -- %f
file:C:/Program Files/Git/etc/gitconfig	filter.lfs.smudge=git-lfs smudge -- %f
file:C:/Program Files/Git/etc/gitconfig	filter.lfs.process=git-lfs filter-process
file:C:/Program Files/Git/etc/gitconfig	filter.lfs.required=true
file:C:/Program Files/Git/etc/gitconfig	http.sslbackend=schannel
file:C:/Program Files/Git/etc/gitconfig	core.autocrlf=true
file:C:/Program Files/Git/etc/gitconfig	core.fscache=true
file:C:/Program Files/Git/etc/gitconfig	core.symlinks=false
file:C:/Program Files/Git/etc/gitconfig	pull.rebase=false
file:C:/Program Files/Git/etc/gitconfig	init.defaultbranch=master
file:C:/Users/Vera-Brendah/.gitconfig	user.name=verabrenda13
file:C:/Users/Vera-Brendah/.gitconfig	user.email=verabrenda2549@gmail.com
file:C:/Users/Vera-Brendah/.gitconfig	user.username=verabrenda13
file:.git/config	core.repositoryformatversion=0
file:.git/config	core.filemode=false
file:.git/config	core.bare=false
file:.git/config	core.logallrefupdates=true
file:.git/config	core.symlinks=false
file:.git/config	core.ignorecase=true
file:.git/config	remote.origin.url=https://github.com/IT-Tutors-Coding-Space/Attachment.git
file:.git/config	remote.origin.fetch=+refs/heads/*:refs/remotes/origin/*
file:.git/config	branch.main.remote=origin
file:.git/config	branch.main.merge=refs/heads/main
file:.git/config	branch.main.vscode-merge-base=origin/main
file:.git/config	branch.main.vscode-merge-base=origin/main


------------
Diagnostic: Credential storage
Skipped: False
Success: True
Exception: None
Log:
ICredentialStore instance is of type: CredentialStore
Writing test credential... OK
Reading test credential... OK
Deleting test credential... OK

------------
Diagnostic: Microsoft authentication (AAD/MSA)
Skipped: False
Success: True
Exception: None
Log:
Broker is not enabled.
Flow type is: Auto
Gathering MSAL token cache data... OK
CacheDirectory: C:\Users\Vera-Brendah\AppData\Local\.IdentityService
CacheFileName: msal.cache
CacheFilePath: C:\Users\Vera-Brendah\AppData\Local\.IdentityService\msal.cache
Creating cache helper... OK
Verifying MSAL token cache persistence... OK

------------
Diagnostic: GitHub API
Skipped: False
Success: True
Exception: None
Log:
Using 'https://github.com/' as API target.
Querying '/meta' endpoint... OK

