# System Settings Change Log
# Format: [Timestamp] - [Change Description]
2025-04-08 10:45:41 - System settings updated by admin ID: 
Array
(
    [full_name] => Oswago
    [email] => oswago@admin.attachme
    [password] => SQh3ZpqESU4%wUk
    [session_timeout] => 1
    [max_login_attempts] => 3
    [password_reset_expiry] => 1
    [file_upload_limit] => 100
    [system_log_retention] => 7
    [default_user_role] => student
    [update_settings] => 
)

2025-04-08 16:51:35 - System settings updated by admin ID: 
Array
(
    [full_name] => Oswago
    [email] => oswago@admin.attachme
    [password] => SQh3ZpqESU4%wUk
    [session_timeout] => 1
    [max_login_attempts] => 3
    [password_reset_expiry] => 1
    [file_upload_limit] => 100
    [system_log_retention] => 7
    [default_user_role] => student
    [update_settings] => 
)

